<?xml version="1.0" encoding="UTF-8"?>
<testsuite name="TestRunner.RegistrationRunner" tests="1" skipped="0" failures="0" errors="0" timestamp="2022-09-29T10:39:14" hostname="imran-DevOps" time="19.078">
  <properties/>
  <testcase name="registrationTitleTest" classname="TestRunner.RegistrationRunner" time="19.078"/>
  <system-out><![CDATA[Dynamic Email :random-59HrPh@example.com
after frame
Finally click
]]></system-out>
  <system-err><![CDATA[Starting ChromeDriver 104.0.5112.79 (3cf3e8c8a07d104b9e1260c910efb8f383285dc5-refs/branch-heads/5112@{#1307}) on port 52005
Only local connections are allowed.
Please see https://chromedriver.chromium.org/security-considerations for suggestions on keeping ChromeDriver safe.
ChromeDriver was started successfully.
Sep 29, 2022 4:39:09 PM org.openqa.selenium.remote.ProtocolHandshake createSession
INFO: Detected upstream dialect: W3C
Sep 29, 2022 4:39:10 PM org.openqa.selenium.devtools.CdpVersionFinder findNearestMatch
WARNING: Unable to find an exact match for CDP version 104, so returning the closest version found: 103
Sep 29, 2022 4:39:10 PM org.openqa.selenium.devtools.CdpVersionFinder findNearestMatch
INFO: Found CDP implementation for version 104 of 103
]]></system-err>
</testsuite>
